{"/Users/wyp/Documents/practice/bolg/index.js":{"path":"/Users/wyp/Documents/practice/bolg/index.js","s":{"1":1,"2":1,"3":1,"4":1,"5":1,"6":1,"7":1,"8":1,"9":1,"10":1,"11":1,"12":1,"13":1,"14":1,"15":1,"16":1,"17":1,"18":1,"19":1,"20":1,"21":3,"22":3,"23":3,"24":3,"25":1,"26":1,"27":1,"28":0,"29":0,"30":0,"31":1,"32":1,"33":0},"b":{"1":[1,0]},"f":{},"fnMap":{},"statementMap":{"1":{"start":{"line":1,"column":0},"end":{"line":1,"column":35}},"2":{"start":{"line":2,"column":0},"end":{"line":2,"column":22}},"3":{"start":{"line":3,"column":0},"end":{"line":3,"column":29}},"4":{"start":{"line":4,"column":0},"end":{"line":4,"column":42}},"5":{"start":{"line":5,"column":0},"end":{"line":5,"column":52}},"6":{"start":{"line":6,"column":0},"end":{"line":6,"column":38}},"7":{"start":{"line":7,"column":0},"end":{"line":7,"column":48}},"8":{"start":{"line":8,"column":0},"end":{"line":8,"column":34}},"9":{"start":{"line":9,"column":0},"end":{"line":9,"column":32}},"10":{"start":{"line":10,"column":0},"end":{"line":10,"column":34}},"11":{"start":{"line":11,"column":0},"end":{"line":11,"column":49}},"12":{"start":{"line":14,"column":0},"end":{"line":14,"column":48}},"13":{"start":{"line":15,"column":0},"end":{"line":15,"column":30}},"14":{"start":{"line":18,"column":0},"end":{"line":18,"column":55}},"15":{"start":{"line":21,"column":0},"end":{"line":32,"column":3}},"16":{"start":{"line":35,"column":0},"end":{"line":45,"column":3}},"17":{"start":{"line":48,"column":0},"end":{"line":48,"column":17}},"18":{"start":{"line":51,"column":0},"end":{"line":61,"column":3}},"19":{"start":{"line":63,"column":0},"end":{"line":66,"column":2}},"20":{"start":{"line":68,"column":0},"end":{"line":73,"column":3}},"21":{"start":{"line":69,"column":4},"end":{"line":69,"column":39}},"22":{"start":{"line":70,"column":4},"end":{"line":70,"column":56}},"23":{"start":{"line":71,"column":4},"end":{"line":71,"column":53}},"24":{"start":{"line":72,"column":4},"end":{"line":72,"column":11}},"25":{"start":{"line":76,"column":0},"end":{"line":79,"column":4}},"26":{"start":{"line":82,"column":0},"end":{"line":82,"column":12}},"27":{"start":{"line":85,"column":0},"end":{"line":89,"column":3}},"28":{"start":{"line":86,"column":4},"end":{"line":86,"column":20}},"29":{"start":{"line":87,"column":4},"end":{"line":87,"column":33}},"30":{"start":{"line":88,"column":4},"end":{"line":88,"column":26}},"31":{"start":{"line":91,"column":0},"end":{"line":95,"column":1}},"32":{"start":{"line":92,"column":4},"end":{"line":92,"column":25}},"33":{"start":{"line":94,"column":4},"end":{"line":94,"column":21}}},"branchMap":{"1":{"line":91,"type":"if","locations":[{"start":{"line":91,"column":0},"end":{"line":91,"column":0}},{"start":{"line":91,"column":0},"end":{"line":91,"column":0}}]}}},"/Users/wyp/Documents/practice/bolg/config/default.js":{"path":"/Users/wyp/Documents/practice/bolg/config/default.js","s":{"1":1},"b":{},"f":{},"fnMap":{},"statementMap":{"1":{"start":{"line":1,"column":0},"end":{"line":9,"column":1}}},"branchMap":{}},"/Users/wyp/Documents/practice/bolg/routes/index.js":{"path":"/Users/wyp/Documents/practice/bolg/routes/index.js","s":{"1":1,"2":1,"3":1,"4":1,"5":0,"6":1,"7":1,"8":1,"9":1,"10":1,"11":1,"12":0,"13":0},"b":{"1":[0,0]},"f":{"1":1,"2":0},"fnMap":{"1":{"name":"(anonymous_1)","line":4,"loc":{"start":{"line":4,"column":17},"end":{"line":4,"column":30}}},"2":{"name":"(anonymous_2)","line":15,"loc":{"start":{"line":15,"column":12},"end":{"line":15,"column":32}}}},"statementMap":{"1":{"start":{"line":1,"column":0},"end":{"line":1,"column":35}},"2":{"start":{"line":2,"column":0},"end":{"line":2,"column":62}},"3":{"start":{"line":4,"column":0},"end":{"line":20,"column":2}},"4":{"start":{"line":5,"column":4},"end":{"line":7,"column":7}},"5":{"start":{"line":6,"column":8},"end":{"line":6,"column":31}},"6":{"start":{"line":9,"column":4},"end":{"line":9,"column":44}},"7":{"start":{"line":10,"column":4},"end":{"line":10,"column":44}},"8":{"start":{"line":11,"column":4},"end":{"line":11,"column":46}},"9":{"start":{"line":12,"column":4},"end":{"line":12,"column":42}},"10":{"start":{"line":13,"column":4},"end":{"line":13,"column":48}},"11":{"start":{"line":15,"column":4},"end":{"line":19,"column":6}},"12":{"start":{"line":16,"column":8},"end":{"line":18,"column":9}},"13":{"start":{"line":17,"column":12},"end":{"line":17,"column":41}}},"branchMap":{"1":{"line":16,"type":"if","locations":[{"start":{"line":16,"column":8},"end":{"line":16,"column":8}},{"start":{"line":16,"column":8},"end":{"line":16,"column":8}}]}}},"/Users/wyp/Documents/practice/bolg/middlewares/check.js":{"path":"/Users/wyp/Documents/practice/bolg/middlewares/check.js","s":{"1":1,"2":0,"3":0,"4":0,"5":0,"6":1,"7":0,"8":0,"9":0,"10":0},"b":{"1":[0,0],"2":[0,0]},"f":{"1":0,"2":0},"fnMap":{"1":{"name":"(anonymous_1)","line":1,"loc":{"start":{"line":1,"column":21},"end":{"line":1,"column":45}}},"2":{"name":"(anonymous_2)","line":10,"loc":{"start":{"line":10,"column":24},"end":{"line":10,"column":48}}}},"statementMap":{"1":{"start":{"line":1,"column":0},"end":{"line":8,"column":1}},"2":{"start":{"line":2,"column":4},"end":{"line":5,"column":5}},"3":{"start":{"line":3,"column":8},"end":{"line":3,"column":34}},"4":{"start":{"line":4,"column":8},"end":{"line":4,"column":39}},"5":{"start":{"line":7,"column":4},"end":{"line":7,"column":11}},"6":{"start":{"line":10,"column":0},"end":{"line":17,"column":1}},"7":{"start":{"line":11,"column":4},"end":{"line":14,"column":5}},"8":{"start":{"line":12,"column":8},"end":{"line":12,"column":34}},"9":{"start":{"line":13,"column":8},"end":{"line":13,"column":36}},"10":{"start":{"line":16,"column":4},"end":{"line":16,"column":11}}},"branchMap":{"1":{"line":2,"type":"if","locations":[{"start":{"line":2,"column":4},"end":{"line":2,"column":4}},{"start":{"line":2,"column":4},"end":{"line":2,"column":4}}]},"2":{"line":11,"type":"if","locations":[{"start":{"line":11,"column":4},"end":{"line":11,"column":4}},{"start":{"line":11,"column":4},"end":{"line":11,"column":4}}]}}},"/Users/wyp/Documents/practice/bolg/routes/signup.js":{"path":"/Users/wyp/Documents/practice/bolg/routes/signup.js","s":{"1":1,"2":1,"3":1,"4":1,"5":1,"6":1,"7":1,"8":1,"9":0,"10":1,"11":0,"12":0,"13":0,"14":0,"15":0,"16":0,"17":0,"18":0,"19":0,"20":0,"21":0,"22":0,"23":0,"24":0,"25":0,"26":0,"27":0,"28":0,"29":0,"30":0,"31":0,"32":0,"33":0,"34":0,"35":0,"36":0,"37":0,"38":0,"39":0,"40":0,"41":0,"42":0,"43":0,"44":0,"45":0,"46":1},"b":{"1":[0,0],"2":[0,0],"3":[0,0],"4":[0,0],"5":[0,0],"6":[0,0],"7":[0,0],"8":[0,0],"9":[0,0]},"f":{},"fnMap":{},"statementMap":{"1":{"start":{"line":1,"column":0},"end":{"line":1,"column":35}},"2":{"start":{"line":2,"column":0},"end":{"line":2,"column":32}},"3":{"start":{"line":3,"column":0},"end":{"line":3,"column":68}},"4":{"start":{"line":4,"column":0},"end":{"line":4,"column":25}},"5":{"start":{"line":5,"column":0},"end":{"line":5,"column":29}},"6":{"start":{"line":6,"column":0},"end":{"line":6,"column":29}},"7":{"start":{"line":7,"column":0},"end":{"line":7,"column":45}},"8":{"start":{"line":9,"column":0},"end":{"line":11,"column":3}},"9":{"start":{"line":10,"column":4},"end":{"line":10,"column":25}},"10":{"start":{"line":12,"column":0},"end":{"line":74,"column":3}},"11":{"start":{"line":13,"column":4},"end":{"line":13,"column":33}},"12":{"start":{"line":14,"column":4},"end":{"line":14,"column":40}},"13":{"start":{"line":15,"column":4},"end":{"line":15,"column":45}},"14":{"start":{"line":16,"column":4},"end":{"line":16,"column":37}},"15":{"start":{"line":17,"column":4},"end":{"line":17,"column":31}},"16":{"start":{"line":18,"column":4},"end":{"line":18,"column":63}},"17":{"start":{"line":20,"column":4},"end":{"line":44,"column":5}},"18":{"start":{"line":21,"column":8},"end":{"line":23,"column":9}},"19":{"start":{"line":22,"column":12},"end":{"line":22,"column":47}},"20":{"start":{"line":24,"column":8},"end":{"line":26,"column":9}},"21":{"start":{"line":25,"column":12},"end":{"line":25,"column":45}},"22":{"start":{"line":27,"column":8},"end":{"line":29,"column":9}},"23":{"start":{"line":28,"column":12},"end":{"line":28,"column":48}},"24":{"start":{"line":30,"column":8},"end":{"line":32,"column":11}},"25":{"start":{"line":31,"column":12},"end":{"line":31,"column":35}},"26":{"start":{"line":33,"column":8},"end":{"line":35,"column":9}},"27":{"start":{"line":34,"column":12},"end":{"line":34,"column":41}},"28":{"start":{"line":36,"column":8},"end":{"line":38,"column":9}},"29":{"start":{"line":37,"column":12},"end":{"line":37,"column":40}},"30":{"start":{"line":41,"column":8},"end":{"line":41,"column":44}},"31":{"start":{"line":42,"column":8},"end":{"line":42,"column":38}},"32":{"start":{"line":43,"column":8},"end":{"line":43,"column":38}},"33":{"start":{"line":47,"column":4},"end":{"line":47,"column":30}},"34":{"start":{"line":49,"column":4},"end":{"line":55,"column":5}},"35":{"start":{"line":57,"column":4},"end":{"line":73,"column":7}},"36":{"start":{"line":58,"column":8},"end":{"line":58,"column":26}},"37":{"start":{"line":59,"column":8},"end":{"line":59,"column":29}},"38":{"start":{"line":60,"column":8},"end":{"line":60,"column":32}},"39":{"start":{"line":61,"column":8},"end":{"line":61,"column":37}},"40":{"start":{"line":62,"column":8},"end":{"line":62,"column":31}},"41":{"start":{"line":65,"column":8},"end":{"line":65,"column":45}},"42":{"start":{"line":67,"column":8},"end":{"line":70,"column":9}},"43":{"start":{"line":68,"column":12},"end":{"line":68,"column":42}},"44":{"start":{"line":69,"column":12},"end":{"line":69,"column":43}},"45":{"start":{"line":72,"column":8},"end":{"line":72,"column":16}},"46":{"start":{"line":76,"column":0},"end":{"line":76,"column":24}}},"branchMap":{"1":{"line":21,"type":"if","locations":[{"start":{"line":21,"column":8},"end":{"line":21,"column":8}},{"start":{"line":21,"column":8},"end":{"line":21,"column":8}}]},"2":{"line":21,"type":"binary-expr","locations":[{"start":{"line":21,"column":13},"end":{"line":21,"column":29}},{"start":{"line":21,"column":33},"end":{"line":21,"column":50}}]},"3":{"line":24,"type":"if","locations":[{"start":{"line":24,"column":8},"end":{"line":24,"column":8}},{"start":{"line":24,"column":8},"end":{"line":24,"column":8}}]},"4":{"line":27,"type":"if","locations":[{"start":{"line":27,"column":8},"end":{"line":27,"column":8}},{"start":{"line":27,"column":8},"end":{"line":27,"column":8}}]},"5":{"line":27,"type":"binary-expr","locations":[{"start":{"line":27,"column":14},"end":{"line":27,"column":29}},{"start":{"line":27,"column":33},"end":{"line":27,"column":49}}]},"6":{"line":30,"type":"if","locations":[{"start":{"line":30,"column":8},"end":{"line":30,"column":8}},{"start":{"line":30,"column":8},"end":{"line":30,"column":8}}]},"7":{"line":33,"type":"if","locations":[{"start":{"line":33,"column":8},"end":{"line":33,"column":8}},{"start":{"line":33,"column":8},"end":{"line":33,"column":8}}]},"8":{"line":36,"type":"if","locations":[{"start":{"line":36,"column":8},"end":{"line":36,"column":8}},{"start":{"line":36,"column":8},"end":{"line":36,"column":8}}]},"9":{"line":67,"type":"if","locations":[{"start":{"line":67,"column":8},"end":{"line":67,"column":8}},{"start":{"line":67,"column":8},"end":{"line":67,"column":8}}]}}},"/Users/wyp/Documents/practice/bolg/models/users.js":{"path":"/Users/wyp/Documents/practice/bolg/models/users.js","s":{"1":1,"2":1,"3":0,"4":0},"b":{},"f":{"1":0,"2":0},"fnMap":{"1":{"name":"create","line":4,"loc":{"start":{"line":4,"column":12},"end":{"line":4,"column":33}}},"2":{"name":"(anonymous_2)","line":7,"loc":{"start":{"line":7,"column":19},"end":{"line":7,"column":34}}}},"statementMap":{"1":{"start":{"line":1,"column":0},"end":{"line":1,"column":45}},"2":{"start":{"line":3,"column":0},"end":{"line":13,"column":1}},"3":{"start":{"line":5,"column":8},"end":{"line":5,"column":40}},"4":{"start":{"line":8,"column":8},"end":{"line":11,"column":15}}},"branchMap":{}},"/Users/wyp/Documents/practice/bolg/lib/mongo.js":{"path":"/Users/wyp/Documents/practice/bolg/lib/mongo.js","s":{"1":1,"2":1,"3":1,"4":1,"5":1,"6":1,"7":1,"8":0,"9":0,"10":0,"11":0,"12":0,"13":0,"14":1,"15":1,"16":1,"17":1,"18":1,"19":1},"b":{"1":[0,0]},"f":{"1":0,"2":0},"fnMap":{"1":{"name":"(anonymous_1)","line":9,"loc":{"start":{"line":9,"column":15},"end":{"line":9,"column":32}}},"2":{"name":"(anonymous_2)","line":16,"loc":{"start":{"line":16,"column":18},"end":{"line":16,"column":34}}}},"statementMap":{"1":{"start":{"line":1,"column":0},"end":{"line":1,"column":49}},"2":{"start":{"line":2,"column":0},"end":{"line":2,"column":39}},"3":{"start":{"line":3,"column":0},"end":{"line":3,"column":32}},"4":{"start":{"line":4,"column":0},"end":{"line":4,"column":61}},"5":{"start":{"line":5,"column":0},"end":{"line":5,"column":34}},"6":{"start":{"line":7,"column":0},"end":{"line":7,"column":34}},"7":{"start":{"line":8,"column":0},"end":{"line":23,"column":3}},"8":{"start":{"line":10,"column":8},"end":{"line":12,"column":11}},"9":{"start":{"line":11,"column":12},"end":{"line":11,"column":97}},"10":{"start":{"line":14,"column":8},"end":{"line":14,"column":23}},"11":{"start":{"line":17,"column":8},"end":{"line":19,"column":9}},"12":{"start":{"line":18,"column":12},"end":{"line":18,"column":101}},"13":{"start":{"line":21,"column":8},"end":{"line":21,"column":22}},"14":{"start":{"line":25,"column":0},"end":{"line":31,"column":3}},"15":{"start":{"line":32,"column":0},"end":{"line":32,"column":57}},"16":{"start":{"line":34,"column":0},"end":{"line":39,"column":3}},"17":{"start":{"line":40,"column":0},"end":{"line":40,"column":48}},"18":{"start":{"line":42,"column":0},"end":{"line":46,"column":3}},"19":{"start":{"line":47,"column":0},"end":{"line":47,"column":50}}},"branchMap":{"1":{"line":17,"type":"if","locations":[{"start":{"line":17,"column":8},"end":{"line":17,"column":8}},{"start":{"line":17,"column":8},"end":{"line":17,"column":8}}]}}},"/Users/wyp/Documents/practice/bolg/routes/signin.js":{"path":"/Users/wyp/Documents/practice/bolg/routes/signin.js","s":{"1":1,"2":1,"3":1,"4":1,"5":1,"6":1,"7":0,"8":1,"9":0,"10":0,"11":0,"12":0,"13":0,"14":0,"15":0,"16":0,"17":0,"18":0,"19":0,"20":0,"21":0,"22":0,"23":0,"24":0,"25":0,"26":0,"27":0,"28":0,"29":1},"b":{"1":[0,0],"2":[0,0],"3":[0,0],"4":[0,0]},"f":{},"fnMap":{},"statementMap":{"1":{"start":{"line":1,"column":0},"end":{"line":1,"column":35}},"2":{"start":{"line":2,"column":0},"end":{"line":2,"column":32}},"3":{"start":{"line":3,"column":0},"end":{"line":3,"column":68}},"4":{"start":{"line":4,"column":0},"end":{"line":4,"column":45}},"5":{"start":{"line":5,"column":0},"end":{"line":5,"column":29}},"6":{"start":{"line":7,"column":0},"end":{"line":9,"column":3}},"7":{"start":{"line":8,"column":4},"end":{"line":8,"column":25}},"8":{"start":{"line":11,"column":0},"end":{"line":45,"column":3}},"9":{"start":{"line":12,"column":4},"end":{"line":12,"column":33}},"10":{"start":{"line":13,"column":4},"end":{"line":13,"column":41}},"11":{"start":{"line":16,"column":4},"end":{"line":26,"column":5}},"12":{"start":{"line":17,"column":8},"end":{"line":19,"column":9}},"13":{"start":{"line":18,"column":8},"end":{"line":18,"column":33}},"14":{"start":{"line":20,"column":8},"end":{"line":22,"column":9}},"15":{"start":{"line":21,"column":8},"end":{"line":21,"column":32}},"16":{"start":{"line":24,"column":8},"end":{"line":24,"column":37}},"17":{"start":{"line":25,"column":8},"end":{"line":25,"column":35}},"18":{"start":{"line":28,"column":4},"end":{"line":44,"column":19}},"19":{"start":{"line":29,"column":8},"end":{"line":32,"column":9}},"20":{"start":{"line":30,"column":12},"end":{"line":30,"column":40}},"21":{"start":{"line":31,"column":12},"end":{"line":31,"column":40}},"22":{"start":{"line":34,"column":8},"end":{"line":37,"column":9}},"23":{"start":{"line":35,"column":12},"end":{"line":35,"column":43}},"24":{"start":{"line":36,"column":12},"end":{"line":36,"column":40}},"25":{"start":{"line":39,"column":8},"end":{"line":39,"column":37}},"26":{"start":{"line":41,"column":8},"end":{"line":41,"column":29}},"27":{"start":{"line":42,"column":8},"end":{"line":42,"column":32}},"28":{"start":{"line":43,"column":8},"end":{"line":43,"column":31}},"29":{"start":{"line":47,"column":0},"end":{"line":47,"column":24}}},"branchMap":{"1":{"line":17,"type":"if","locations":[{"start":{"line":17,"column":8},"end":{"line":17,"column":8}},{"start":{"line":17,"column":8},"end":{"line":17,"column":8}}]},"2":{"line":20,"type":"if","locations":[{"start":{"line":20,"column":8},"end":{"line":20,"column":8}},{"start":{"line":20,"column":8},"end":{"line":20,"column":8}}]},"3":{"line":29,"type":"if","locations":[{"start":{"line":29,"column":8},"end":{"line":29,"column":8}},{"start":{"line":29,"column":8},"end":{"line":29,"column":8}}]},"4":{"line":34,"type":"if","locations":[{"start":{"line":34,"column":8},"end":{"line":34,"column":8}},{"start":{"line":34,"column":8},"end":{"line":34,"column":8}}]}}},"/Users/wyp/Documents/practice/bolg/routes/signout.js":{"path":"/Users/wyp/Documents/practice/bolg/routes/signout.js","s":{"1":1,"2":1,"3":1,"4":1,"5":0,"6":0,"7":0,"8":1},"b":{},"f":{},"fnMap":{},"statementMap":{"1":{"start":{"line":1,"column":0},"end":{"line":1,"column":35}},"2":{"start":{"line":2,"column":0},"end":{"line":2,"column":32}},"3":{"start":{"line":3,"column":0},"end":{"line":3,"column":62}},"4":{"start":{"line":5,"column":0},"end":{"line":11,"column":3}},"5":{"start":{"line":7,"column":4},"end":{"line":7,"column":28}},"6":{"start":{"line":8,"column":4},"end":{"line":8,"column":33}},"7":{"start":{"line":10,"column":4},"end":{"line":10,"column":26}},"8":{"start":{"line":13,"column":0},"end":{"line":13,"column":24}}},"branchMap":{}},"/Users/wyp/Documents/practice/bolg/routes/posts.js":{"path":"/Users/wyp/Documents/practice/bolg/routes/posts.js","s":{"1":1,"2":1,"3":1,"4":1,"5":1,"6":1,"7":0,"8":0,"9":0,"10":1,"11":0,"12":1,"13":0,"14":0,"15":0,"16":0,"17":0,"18":0,"19":0,"20":0,"21":0,"22":0,"23":0,"24":0,"25":0,"26":0,"27":0,"28":1,"29":0,"30":0,"31":0,"32":0,"33":0,"34":0,"35":0,"36":1,"37":0,"38":0,"39":0,"40":0,"41":0,"42":0,"43":0,"44":0,"45":0,"46":1,"47":0,"48":0,"49":0,"50":0,"51":0,"52":0,"53":0,"54":0,"55":0,"56":0,"57":0,"58":0,"59":0,"60":0,"61":0,"62":0,"63":0,"64":0,"65":0,"66":0,"67":1,"68":0,"69":0,"70":0,"71":0,"72":0,"73":0,"74":0,"75":0,"76":0,"77":0,"78":1},"b":{"1":[0,0],"2":[0,0],"3":[0,0],"4":[0,0],"5":[0,0],"6":[0,0],"7":[0,0],"8":[0,0],"9":[0,0],"10":[0,0],"11":[0,0]},"f":{"1":0,"2":0,"3":0},"fnMap":{"1":{"name":"(anonymous_1)","line":115,"loc":{"start":{"line":115,"column":82},"end":{"line":115,"column":94}}},"2":{"name":"(anonymous_2)","line":127,"loc":{"start":{"line":127,"column":42},"end":{"line":127,"column":58}}},"3":{"name":"(anonymous_3)","line":135,"loc":{"start":{"line":135,"column":14},"end":{"line":135,"column":26}}}},"statementMap":{"1":{"start":{"line":1,"column":0},"end":{"line":1,"column":35}},"2":{"start":{"line":2,"column":0},"end":{"line":2,"column":32}},"3":{"start":{"line":3,"column":0},"end":{"line":3,"column":62}},"4":{"start":{"line":4,"column":0},"end":{"line":4,"column":45}},"5":{"start":{"line":5,"column":0},"end":{"line":5,"column":51}},"6":{"start":{"line":7,"column":0},"end":{"line":12,"column":3}},"7":{"start":{"line":8,"column":4},"end":{"line":8,"column":36}},"8":{"start":{"line":9,"column":4},"end":{"line":11,"column":19}},"9":{"start":{"line":10,"column":8},"end":{"line":10,"column":44}},"10":{"start":{"line":14,"column":0},"end":{"line":16,"column":3}},"11":{"start":{"line":15,"column":4},"end":{"line":15,"column":25}},"12":{"start":{"line":18,"column":0},"end":{"line":46,"column":3}},"13":{"start":{"line":19,"column":4},"end":{"line":19,"column":40}},"14":{"start":{"line":20,"column":4},"end":{"line":20,"column":35}},"15":{"start":{"line":21,"column":4},"end":{"line":21,"column":39}},"16":{"start":{"line":23,"column":4},"end":{"line":33,"column":5}},"17":{"start":{"line":24,"column":8},"end":{"line":26,"column":9}},"18":{"start":{"line":25,"column":12},"end":{"line":25,"column":36}},"19":{"start":{"line":27,"column":8},"end":{"line":29,"column":9}},"20":{"start":{"line":28,"column":12},"end":{"line":28,"column":36}},"21":{"start":{"line":31,"column":8},"end":{"line":31,"column":38}},"22":{"start":{"line":32,"column":8},"end":{"line":32,"column":29}},"23":{"start":{"line":35,"column":4},"end":{"line":39,"column":5}},"24":{"start":{"line":41,"column":4},"end":{"line":45,"column":19}},"25":{"start":{"line":42,"column":8},"end":{"line":42,"column":37}},"26":{"start":{"line":43,"column":8},"end":{"line":43,"column":29}},"27":{"start":{"line":44,"column":8},"end":{"line":44,"column":43}},"28":{"start":{"line":48,"column":0},"end":{"line":66,"column":3}},"29":{"start":{"line":49,"column":4},"end":{"line":49,"column":37}},"30":{"start":{"line":51,"column":4},"end":{"line":65,"column":19}},"31":{"start":{"line":56,"column":8},"end":{"line":56,"column":31}},"32":{"start":{"line":57,"column":8},"end":{"line":57,"column":35}},"33":{"start":{"line":58,"column":8},"end":{"line":60,"column":9}},"34":{"start":{"line":59,"column":12},"end":{"line":59,"column":30}},"35":{"start":{"line":61,"column":8},"end":{"line":64,"column":11}},"36":{"start":{"line":68,"column":0},"end":{"line":83,"column":3}},"37":{"start":{"line":69,"column":4},"end":{"line":69,"column":37}},"38":{"start":{"line":70,"column":4},"end":{"line":70,"column":40}},"39":{"start":{"line":72,"column":4},"end":{"line":82,"column":19}},"40":{"start":{"line":73,"column":8},"end":{"line":73,"column":26}},"41":{"start":{"line":74,"column":8},"end":{"line":76,"column":9}},"42":{"start":{"line":75,"column":12},"end":{"line":75,"column":38}},"43":{"start":{"line":77,"column":8},"end":{"line":79,"column":9}},"44":{"start":{"line":78,"column":12},"end":{"line":78,"column":35}},"45":{"start":{"line":81,"column":8},"end":{"line":81,"column":41}},"46":{"start":{"line":86,"column":0},"end":{"line":121,"column":3}},"47":{"start":{"line":87,"column":4},"end":{"line":87,"column":37}},"48":{"start":{"line":88,"column":4},"end":{"line":88,"column":40}},"49":{"start":{"line":89,"column":4},"end":{"line":89,"column":35}},"50":{"start":{"line":90,"column":4},"end":{"line":90,"column":40}},"51":{"start":{"line":93,"column":4},"end":{"line":103,"column":5}},"52":{"start":{"line":94,"column":8},"end":{"line":96,"column":9}},"53":{"start":{"line":95,"column":8},"end":{"line":95,"column":32}},"54":{"start":{"line":97,"column":8},"end":{"line":99,"column":9}},"55":{"start":{"line":98,"column":8},"end":{"line":98,"column":32}},"56":{"start":{"line":101,"column":8},"end":{"line":101,"column":37}},"57":{"start":{"line":102,"column":8},"end":{"line":102,"column":35}},"58":{"start":{"line":105,"column":4},"end":{"line":105,"column":39}},"59":{"start":{"line":107,"column":4},"end":{"line":120,"column":6}},"60":{"start":{"line":108,"column":8},"end":{"line":110,"column":9}},"61":{"start":{"line":109,"column":12},"end":{"line":109,"column":36}},"62":{"start":{"line":111,"column":8},"end":{"line":113,"column":9}},"63":{"start":{"line":112,"column":12},"end":{"line":112,"column":35}},"64":{"start":{"line":115,"column":8},"end":{"line":119,"column":22}},"65":{"start":{"line":116,"column":12},"end":{"line":116,"column":42}},"66":{"start":{"line":118,"column":12},"end":{"line":118,"column":44}},"67":{"start":{"line":123,"column":0},"end":{"line":142,"column":3}},"68":{"start":{"line":124,"column":4},"end":{"line":124,"column":37}},"69":{"start":{"line":125,"column":4},"end":{"line":125,"column":40}},"70":{"start":{"line":127,"column":4},"end":{"line":141,"column":6}},"71":{"start":{"line":128,"column":6},"end":{"line":130,"column":7}},"72":{"start":{"line":129,"column":8},"end":{"line":129,"column":32}},"73":{"start":{"line":131,"column":6},"end":{"line":133,"column":7}},"74":{"start":{"line":132,"column":8},"end":{"line":132,"column":31}},"75":{"start":{"line":134,"column":6},"end":{"line":140,"column":20}},"76":{"start":{"line":136,"column":10},"end":{"line":136,"column":40}},"77":{"start":{"line":138,"column":10},"end":{"line":138,"column":32}},"78":{"start":{"line":144,"column":0},"end":{"line":144,"column":24}}},"branchMap":{"1":{"line":24,"type":"if","locations":[{"start":{"line":24,"column":8},"end":{"line":24,"column":8}},{"start":{"line":24,"column":8},"end":{"line":24,"column":8}}]},"2":{"line":27,"type":"if","locations":[{"start":{"line":27,"column":8},"end":{"line":27,"column":8}},{"start":{"line":27,"column":8},"end":{"line":27,"column":8}}]},"3":{"line":58,"type":"if","locations":[{"start":{"line":58,"column":8},"end":{"line":58,"column":8}},{"start":{"line":58,"column":8},"end":{"line":58,"column":8}}]},"4":{"line":74,"type":"if","locations":[{"start":{"line":74,"column":8},"end":{"line":74,"column":8}},{"start":{"line":74,"column":8},"end":{"line":74,"column":8}}]},"5":{"line":77,"type":"if","locations":[{"start":{"line":77,"column":8},"end":{"line":77,"column":8}},{"start":{"line":77,"column":8},"end":{"line":77,"column":8}}]},"6":{"line":94,"type":"if","locations":[{"start":{"line":94,"column":8},"end":{"line":94,"column":8}},{"start":{"line":94,"column":8},"end":{"line":94,"column":8}}]},"7":{"line":97,"type":"if","locations":[{"start":{"line":97,"column":8},"end":{"line":97,"column":8}},{"start":{"line":97,"column":8},"end":{"line":97,"column":8}}]},"8":{"line":108,"type":"if","locations":[{"start":{"line":108,"column":8},"end":{"line":108,"column":8}},{"start":{"line":108,"column":8},"end":{"line":108,"column":8}}]},"9":{"line":111,"type":"if","locations":[{"start":{"line":111,"column":8},"end":{"line":111,"column":8}},{"start":{"line":111,"column":8},"end":{"line":111,"column":8}}]},"10":{"line":128,"type":"if","locations":[{"start":{"line":128,"column":6},"end":{"line":128,"column":6}},{"start":{"line":128,"column":6},"end":{"line":128,"column":6}}]},"11":{"line":131,"type":"if","locations":[{"start":{"line":131,"column":6},"end":{"line":131,"column":6}},{"start":{"line":131,"column":6},"end":{"line":131,"column":6}}]}}},"/Users/wyp/Documents/practice/bolg/models/posts.js":{"path":"/Users/wyp/Documents/practice/bolg/models/posts.js","s":{"1":1,"2":1,"3":1,"4":1,"5":0,"6":0,"7":0,"8":0,"9":0,"10":0,"11":1,"12":0,"13":0,"14":0,"15":0,"16":0,"17":0,"18":0,"19":0,"20":0,"21":1,"22":0,"23":0,"24":0,"25":0,"26":0,"27":0,"28":0,"29":0,"30":0,"31":0,"32":0,"33":0},"b":{"1":[0,0],"2":[0,0],"3":[0,0],"4":[0,0],"5":[0,0]},"f":{"1":0,"2":0,"3":0,"4":0,"5":0,"6":0,"7":0,"8":0,"9":0,"10":0,"11":0,"12":0},"fnMap":{"1":{"name":"(anonymous_1)","line":7,"loc":{"start":{"line":7,"column":15},"end":{"line":7,"column":32}}},"2":{"name":"(anonymous_2)","line":8,"loc":{"start":{"line":8,"column":23},"end":{"line":8,"column":39}}},"3":{"name":"(anonymous_3)","line":13,"loc":{"start":{"line":13,"column":18},"end":{"line":13,"column":34}}},"4":{"name":"(anonymous_4)","line":22,"loc":{"start":{"line":22,"column":15},"end":{"line":22,"column":30}}},"5":{"name":"(anonymous_5)","line":31,"loc":{"start":{"line":31,"column":18},"end":{"line":31,"column":32}}},"6":{"name":"(anonymous_6)","line":46,"loc":{"start":{"line":46,"column":12},"end":{"line":46,"column":26}}},"7":{"name":"getPostById","line":50,"loc":{"start":{"line":50,"column":17},"end":{"line":50,"column":47}}},"8":{"name":"getPosts","line":60,"loc":{"start":{"line":60,"column":14},"end":{"line":60,"column":41}}},"9":{"name":"(anonymous_9)","line":74,"loc":{"start":{"line":74,"column":11},"end":{"line":74,"column":27}}},"10":{"name":"(anonymous_10)","line":79,"loc":{"start":{"line":79,"column":20},"end":{"line":79,"column":37}}},"11":{"name":"(anonymous_11)","line":85,"loc":{"start":{"line":85,"column":20},"end":{"line":85,"column":42}}},"12":{"name":"(anonymous_12)","line":90,"loc":{"start":{"line":90,"column":17},"end":{"line":90,"column":34}}}},"statementMap":{"1":{"start":{"line":1,"column":0},"end":{"line":1,"column":42}},"2":{"start":{"line":2,"column":0},"end":{"line":2,"column":33}},"3":{"start":{"line":3,"column":0},"end":{"line":3,"column":42}},"4":{"start":{"line":6,"column":0},"end":{"line":19,"column":2}},"5":{"start":{"line":8,"column":6},"end":{"line":11,"column":8}},"6":{"start":{"line":9,"column":8},"end":{"line":9,"column":43}},"7":{"start":{"line":10,"column":8},"end":{"line":10,"column":19}},"8":{"start":{"line":14,"column":6},"end":{"line":16,"column":7}},"9":{"start":{"line":15,"column":8},"end":{"line":15,"column":43}},"10":{"start":{"line":17,"column":6},"end":{"line":17,"column":17}},"11":{"start":{"line":21,"column":0},"end":{"line":41,"column":3}},"12":{"start":{"line":23,"column":8},"end":{"line":29,"column":12}},"13":{"start":{"line":24,"column":12},"end":{"line":28,"column":15}},"14":{"start":{"line":25,"column":16},"end":{"line":25,"column":49}},"15":{"start":{"line":27,"column":16},"end":{"line":27,"column":28}},"16":{"start":{"line":32,"column":8},"end":{"line":38,"column":9}},"17":{"start":{"line":33,"column":12},"end":{"line":37,"column":15}},"18":{"start":{"line":34,"column":16},"end":{"line":34,"column":41}},"19":{"start":{"line":36,"column":16},"end":{"line":36,"column":28}},"20":{"start":{"line":39,"column":8},"end":{"line":39,"column":20}},"21":{"start":{"line":45,"column":0},"end":{"line":100,"column":2}},"22":{"start":{"line":47,"column":8},"end":{"line":47,"column":40}},"23":{"start":{"line":51,"column":8},"end":{"line":57,"column":16}},"24":{"start":{"line":61,"column":8},"end":{"line":61,"column":24}},"25":{"start":{"line":62,"column":8},"end":{"line":64,"column":9}},"26":{"start":{"line":63,"column":12},"end":{"line":63,"column":33}},"27":{"start":{"line":65,"column":8},"end":{"line":72,"column":20}},"28":{"start":{"line":75,"column":8},"end":{"line":77,"column":20}},"29":{"start":{"line":80,"column":8},"end":{"line":83,"column":20}},"30":{"start":{"line":86,"column":8},"end":{"line":88,"column":20}},"31":{"start":{"line":91,"column":8},"end":{"line":98,"column":15}},"32":{"start":{"line":95,"column":16},"end":{"line":97,"column":17}},"33":{"start":{"line":96,"column":20},"end":{"line":96,"column":68}}},"branchMap":{"1":{"line":14,"type":"if","locations":[{"start":{"line":14,"column":6},"end":{"line":14,"column":6}},{"start":{"line":14,"column":6},"end":{"line":14,"column":6}}]},"2":{"line":32,"type":"if","locations":[{"start":{"line":32,"column":8},"end":{"line":32,"column":8}},{"start":{"line":32,"column":8},"end":{"line":32,"column":8}}]},"3":{"line":62,"type":"if","locations":[{"start":{"line":62,"column":8},"end":{"line":62,"column":8}},{"start":{"line":62,"column":8},"end":{"line":62,"column":8}}]},"4":{"line":95,"type":"if","locations":[{"start":{"line":95,"column":16},"end":{"line":95,"column":16}},{"start":{"line":95,"column":16},"end":{"line":95,"column":16}}]},"5":{"line":95,"type":"binary-expr","locations":[{"start":{"line":95,"column":19},"end":{"line":95,"column":32}},{"start":{"line":95,"column":36},"end":{"line":95,"column":52}}]}}},"/Users/wyp/Documents/practice/bolg/models/comments.js":{"path":"/Users/wyp/Documents/practice/bolg/models/comments.js","s":{"1":1,"2":1,"3":1,"4":0,"5":0,"6":0,"7":1,"8":0,"9":0,"10":0,"11":0,"12":0,"13":0},"b":{},"f":{"1":0,"2":0,"3":0,"4":0,"5":0,"6":0,"7":0},"fnMap":{"1":{"name":"(anonymous_1)","line":5,"loc":{"start":{"line":5,"column":15},"end":{"line":5,"column":33}}},"2":{"name":"(anonymous_2)","line":15,"loc":{"start":{"line":15,"column":12},"end":{"line":15,"column":30}}},"3":{"name":"(anonymous_3)","line":20,"loc":{"start":{"line":20,"column":20},"end":{"line":20,"column":40}}},"4":{"name":"(anonymous_4)","line":25,"loc":{"start":{"line":25,"column":20},"end":{"line":25,"column":40}}},"5":{"name":"(anonymous_5)","line":30,"loc":{"start":{"line":30,"column":17},"end":{"line":30,"column":34}}},"6":{"name":"(anonymous_6)","line":41,"loc":{"start":{"line":41,"column":25},"end":{"line":41,"column":41}}},"7":{"name":"(anonymous_7)","line":48,"loc":{"start":{"line":48,"column":22},"end":{"line":48,"column":40}}}},"statementMap":{"1":{"start":{"line":1,"column":0},"end":{"line":1,"column":33}},"2":{"start":{"line":2,"column":0},"end":{"line":2,"column":48}},"3":{"start":{"line":4,"column":0},"end":{"line":11,"column":3}},"4":{"start":{"line":6,"column":8},"end":{"line":9,"column":10}},"5":{"start":{"line":7,"column":12},"end":{"line":7,"column":54}},"6":{"start":{"line":8,"column":12},"end":{"line":8,"column":27}},"7":{"start":{"line":13,"column":0},"end":{"line":53,"column":1}},"8":{"start":{"line":16,"column":8},"end":{"line":16,"column":46}},"9":{"start":{"line":21,"column":8},"end":{"line":21,"column":58}},"10":{"start":{"line":26,"column":8},"end":{"line":26,"column":56}},"11":{"start":{"line":31,"column":8},"end":{"line":37,"column":20}},"12":{"start":{"line":42,"column":8},"end":{"line":44,"column":20}},"13":{"start":{"line":49,"column":8},"end":{"line":49,"column":55}}},"branchMap":{}},"/Users/wyp/Documents/practice/bolg/routes/comments.js":{"path":"/Users/wyp/Documents/practice/bolg/routes/comments.js","s":{"1":1,"2":1,"3":1,"4":1,"5":1,"6":0,"7":0,"8":0,"9":0,"10":0,"11":0,"12":0,"13":0,"14":0,"15":0,"16":0,"17":0,"18":1,"19":0,"20":0,"21":0,"22":0,"23":0,"24":0,"25":0,"26":0,"27":0,"28":0,"29":1},"b":{"1":[0,0],"2":[0,0],"3":[0,0]},"f":{"1":0,"2":0,"3":0},"fnMap":{"1":{"name":"(anonymous_1)","line":27,"loc":{"start":{"line":27,"column":38},"end":{"line":27,"column":50}}},"2":{"name":"(anonymous_2)","line":39,"loc":{"start":{"line":39,"column":10},"end":{"line":39,"column":29}}},"3":{"name":"(anonymous_3)","line":47,"loc":{"start":{"line":47,"column":14},"end":{"line":47,"column":26}}}},"statementMap":{"1":{"start":{"line":1,"column":0},"end":{"line":1,"column":35}},"2":{"start":{"line":2,"column":0},"end":{"line":2,"column":32}},"3":{"start":{"line":3,"column":0},"end":{"line":3,"column":62}},"4":{"start":{"line":4,"column":0},"end":{"line":4,"column":51}},"5":{"start":{"line":6,"column":0},"end":{"line":32,"column":3}},"6":{"start":{"line":7,"column":4},"end":{"line":7,"column":40}},"7":{"start":{"line":8,"column":4},"end":{"line":8,"column":37}},"8":{"start":{"line":9,"column":4},"end":{"line":9,"column":39}},"9":{"start":{"line":12,"column":4},"end":{"line":19,"column":5}},"10":{"start":{"line":13,"column":8},"end":{"line":15,"column":9}},"11":{"start":{"line":14,"column":8},"end":{"line":14,"column":34}},"12":{"start":{"line":17,"column":8},"end":{"line":17,"column":37}},"13":{"start":{"line":18,"column":8},"end":{"line":18,"column":35}},"14":{"start":{"line":21,"column":4},"end":{"line":25,"column":5}},"15":{"start":{"line":27,"column":4},"end":{"line":31,"column":18}},"16":{"start":{"line":28,"column":8},"end":{"line":28,"column":36}},"17":{"start":{"line":30,"column":8},"end":{"line":30,"column":28}},"18":{"start":{"line":34,"column":0},"end":{"line":54,"column":3}},"19":{"start":{"line":35,"column":4},"end":{"line":35,"column":42}},"20":{"start":{"line":36,"column":4},"end":{"line":36,"column":39}},"21":{"start":{"line":38,"column":4},"end":{"line":53,"column":6}},"22":{"start":{"line":40,"column":6},"end":{"line":42,"column":7}},"23":{"start":{"line":41,"column":8},"end":{"line":41,"column":32}},"24":{"start":{"line":43,"column":6},"end":{"line":45,"column":7}},"25":{"start":{"line":44,"column":8},"end":{"line":44,"column":35}},"26":{"start":{"line":46,"column":6},"end":{"line":52,"column":20}},"27":{"start":{"line":48,"column":10},"end":{"line":48,"column":40}},"28":{"start":{"line":50,"column":10},"end":{"line":50,"column":30}},"29":{"start":{"line":56,"column":0},"end":{"line":56,"column":24}}},"branchMap":{"1":{"line":13,"type":"if","locations":[{"start":{"line":13,"column":8},"end":{"line":13,"column":8}},{"start":{"line":13,"column":8},"end":{"line":13,"column":8}}]},"2":{"line":40,"type":"if","locations":[{"start":{"line":40,"column":6},"end":{"line":40,"column":6}},{"start":{"line":40,"column":6},"end":{"line":40,"column":6}}]},"3":{"line":43,"type":"if","locations":[{"start":{"line":43,"column":6},"end":{"line":43,"column":6}},{"start":{"line":43,"column":6},"end":{"line":43,"column":6}}]}}}}